<?xml version="1.0" encoding="UTF-8" ?>
<testsuites id="2025-09-20" name="report_1" tests="1" failures="1" skipped="0" flaky="0" time="0.000">
	<testsuite id="0" name="test_test" package="test_test" timestamp="2025-09-20T21:37:28" hostname="localhost" tests="1" failures="1" errors="0" skipped="0" flaky="0" time="0.035">
		<testcase name="test_test" classname="test_test" time="0.021">
			<failure message="FAILED: res://test_test/test_test.gd:13" type="FAILURE">
<![CDATA[
Test not implemented!
]]>
			</failure>
		</testcase>
	</testsuite>
</testsuites>
